[debug] [2024-01-11T12:51:51.349Z] : 
[debug] [2024-01-11T12:51:51.350Z] : ----------------------------------------------------------------------
[debug] [2024-01-11T12:51:51.350Z] : Command:      /opt/homebrew/Cellar/node/21.4.0/bin/node /opt/homebrew/bin/catalyst serve
[debug] [2024-01-11T12:51:51.350Z] : CLI Version:  1.16.2
[debug] [2024-01-11T12:51:51.351Z] : Platform:     darwin
[debug] [2024-01-11T12:51:51.351Z] : Node Version: v21.4.0
[debug] [2024-01-11T12:51:51.351Z] : Time:         Thu Jan 11 2024 13:51:51 GMT+0100 (GMT+01:00)
[debug] [2024-01-11T12:51:51.351Z] : ----------------------------------------------------------------------
[debug] [2024-01-11T12:51:51.351Z] : 
[debug] [2024-01-11T12:51:51.714Z] : > authorizing via signed-in user option
[debug] [2024-01-11T12:51:51.714Z] : > command requires scopes: ["ZohoCatalyst.projects.ALL","ZohoCatalyst.functions.ALL","ZohoCatalyst.functions.EXECUTE","ZohoCatalyst.webapp.ALL","ZohoCatalyst.pdfshot.execute"]
[debug] [2024-01-11T12:51:51.719Z] : >>>> HTTP REQUEST : GET https://api.catalyst.zoho.com/baas/v1/project/21004000000007001 

[debug] [2024-01-11T12:51:52.261Z] : <<<< HTTP RESPONSE : 200
Response Headers: {"server":"ZGS","date":"Thu, 11 Jan 2024 12:51:52 GMT","content-type":"application/vnd.catalyst.v2+json","transfer-encoding":"chunked","connection":"keep-alive","set-cookie":["46512fd555=bbdfb771565421abbe10f7a180903d28; Path=/","ZD_CSRF_TOKEN=a71d10d2-acf9-4618-84a0-8844c0db4abe;path=/;SameSite=None;Secure;priority=high","_zcsr_tmp=a71d10d2-acf9-4618-84a0-8844c0db4abe;path=/;SameSite=Strict;Secure;priority=high"],"x-content-type-options":"nosniff","x-xss-protection":"1","cache-control":"private,no-cache,no-store,max-age=0,must-revalidate","pragma":"no-cache","expires":"Thu, 01 Jan 1970 00:00:00 GMT","x-frame-options":"DENY","strict-transport-security":"max-age=63072000"}

[debug] [2024-01-11T12:51:52.265Z] : >>>> HTTP REQUEST : GET https://api.catalyst.zoho.com/baas/v1/project/21004000000007001/environment 

[debug] [2024-01-11T12:51:52.471Z] : <<<< HTTP RESPONSE : 200
Response Headers: {"server":"ZGS","date":"Thu, 11 Jan 2024 12:51:52 GMT","content-type":"application/vnd.catalyst.v2+json","transfer-encoding":"chunked","connection":"keep-alive","set-cookie":["46512fd555=ba2a1b22f2a5e14b0d2647f7e38884fc; Path=/","ZD_CSRF_TOKEN=4fe0fdb1-f6a9-4331-8aac-b9ab029b492a;path=/;SameSite=None;Secure;priority=high","_zcsr_tmp=4fe0fdb1-f6a9-4331-8aac-b9ab029b492a;path=/;SameSite=Strict;Secure;priority=high"],"x-content-type-options":"nosniff","x-xss-protection":"1","cache-control":"private,no-cache,no-store,max-age=0,must-revalidate","pragma":"no-cache","expires":"Thu, 01 Jan 1970 00:00:00 GMT","x-frame-options":"DENY","strict-transport-security":"max-age=63072000"}

[debug] [2024-01-11T12:51:52.634Z] : >>>> HTTP REQUEST : GET https://api.catalyst.zoho.com/baas/v1/project/21004000000007001/function 
Query params: {"type":"basicio,event,cron,applogic,integration,browser_logic"}

[debug] [2024-01-11T12:51:52.854Z] : <<<< HTTP RESPONSE : 200
Response Headers: {"server":"ZGS","date":"Thu, 11 Jan 2024 12:51:52 GMT","content-type":"application/vnd.catalyst.v2+json","transfer-encoding":"chunked","connection":"keep-alive","set-cookie":["46512fd555=63dd9cf89a6678b816d9580ec827ee61; Path=/","ZD_CSRF_TOKEN=c2f89767-c2ed-4d94-a1fb-09e40168d04f;path=/;SameSite=None;Secure;priority=high","_zcsr_tmp=c2f89767-c2ed-4d94-a1fb-09e40168d04f;path=/;SameSite=Strict;Secure;priority=high"],"x-content-type-options":"nosniff","x-xss-protection":"1","cache-control":"private,no-cache,no-store,max-age=0,must-revalidate","pragma":"no-cache","expires":"Thu, 01 Jan 1970 00:00:00 GMT","x-frame-options":"DENY","strict-transport-security":"max-age=63072000"}

[debug] [2024-01-11T12:51:52.860Z] : unknown eol undefined hence skipping check
[info] [2024-01-11T12:51:53.148Z] : 
[info] [2024-01-11T12:51:53.149Z] :  >>>>>>>>>>>>> AdvancedIO <<<<<<<<<<<< 
[info] [2024-01-11T12:51:53.149Z] : ℹ expense_tracker_function: http://localhost:3000/server/expense_tracker_function/
[info] [2024-01-11T12:51:53.149Z] : 
[info] [2024-01-11T12:51:53.149Z] : 
[info] [2024-01-11T12:51:53.149Z] :  >>>>>>>>>>>>> Web Client <<<<<<<<<<<<
[info] [2024-01-11T12:51:53.149Z] : ℹ client[expenseFrontend]: http://localhost:3000/app/
[info] [2024-01-11T12:51:53.149Z] : 
